<?xml version="1.0" encoding="UTF-8"?>
<testsuite xmlns:xsi="http://www.w3.org/2001/XMLSchema-instance" xsi:noNamespaceSchemaLocation="https://maven.apache.org/surefire/maven-surefire-plugin/xsd/surefire-test-report.xsd" name="leet_code.palindrome.tests.QuickSolutionTest" time="0.035" tests="3" errors="0" skipped="0" failures="0">
  <properties>
[...]
</properties>
  <testcase name="testValidPalindrome" classname="leet_code.palindrome.tests.QuickSolutionTest" time="0.022"/>
  <testcase name="testAllNonAlphanumeric" classname="leet_code.palindrome.tests.QuickSolutionTest" time="0"/>
  <testcase name="testInvalidPalindrome" classname="leet_code.palindrome.tests.QuickSolutionTest" time="0.002"/>
</testsuite>